Starting Dynare (version 4.5.6).
Starting preprocessing of the model file ...
Found 4 equation(s).
Evaluating expressions...done
Computing static model derivatives:
 - order 1
Computing dynamic model derivatives:
 - order 1
Processing outputs ...
done
Preprocessing completed.




Residuals of the static equations:

Equation number 1 : 0
Equation number 2 : 0
Equation number 3 : 0
Equation number 4 : 0



STEADY-STATE RESULTS:

k 		 2.54623
q 		 55.1691
b 		 127.311
u 		 0.546229

EIGENVALUES:
         Modulus             Real        Imaginary

          0.9344           0.9304          0.08567
          0.9344           0.9304         -0.08567
            1.01             1.01                0


There are 1 eigenvalue(s) larger than 1 in modulus 
for 1 forward-looking variable(s)

The rank condition is verified.


--------------------------------------------------------
MODEL SIMULATION:

Iter: 1,	 err. = 0.025462, 	 time = 0.015783
Iter: 2,	 err. = 0.00013992, 	 time = 0.008426
Iter: 3,	 err. = 5.3675e-08, 	 time = 0.008211

Total time of simulation: 0.039086
--------------------------------------------------------

Perfect foresight solution found.

Total computing time : 0h00m00s
